# JRE version: OpenJDK Runtime Environment (11.0.13) (build 11.0.13+0-b1751.21-8125866)
# Java VM: OpenJDK 64-Bit Server VM (11.0.13+0-b1751.21-8125866, mixed mode, tiered, compressed oops, g1 gc, windows-amd64)
Heap:
 garbage-first heap   total 391168K, used 155166K [0x0000000080000000, 0x0000000100000000)
  region size 1024K, 99 young (101376K), 3 survivors (3072K)
 Metaspace       used 43915K, capacity 45035K, committed 45104K, reserved 1089536K
  class space    used 5577K, capacity 5984K, committed 6016K, reserved 1048576K
GC Heap History (10 events):
Event: 2.031 GC heap before
{Heap before GC invocations=0 (full 0):
 garbage-first heap   total 391168K, used 29696K [0x0000000080000000, 0x0000000100000000)
  region size 1024K, 24 young (24576K), 0 survivors (0K)
 Metaspace       used 10188K, capacity 10394K, committed 10624K, reserved 1058816K
  class space    used 1044K, capacity 1107K, committed 1152K, reserved 1048576K
}
Event: 2.043 GC heap after
{Heap after GC invocations=1 (full 0):
 garbage-first heap   total 391168K, used 9304K [0x0000000080000000, 0x0000000100000000)
  region size 1024K, 3 young (3072K), 3 survivors (3072K)
 Metaspace       used 10188K, capacity 10394K, committed 10624K, reserved 1058816K
  class space    used 1044K, capacity 1107K, committed 1152K, reserved 1048576K
}
Event: 4.983 GC heap before
{Heap before GC invocations=1 (full 0):
 garbage-first heap   total 391168K, used 78936K [0x0000000080000000, 0x0000000100000000)
  region size 1024K, 70 young (71680K), 3 survivors (3072K)
 Metaspace       used 17156K, capacity 17504K, committed 17792K, reserved 1064960K
  class space    used 1949K, capacity 2084K, committed 2176K, reserved 1048576K
}
Event: 4.990 GC heap after
{Heap after GC invocations=2 (full 0):
 garbage-first heap   total 391168K, used 16131K [0x0000000080000000, 0x0000000100000000)
  region size 1024K, 9 young (9216K), 9 survivors (9216K)
 Metaspace       used 17156K, capacity 17504K, committed 17792K, reserved 1064960K
  class space    used 1949K, capacity 2084K, committed 2176K, reserved 1048576K
}
Event: 5.345 GC heap before
{Heap before GC invocations=2 (full 0):
 garbage-first heap   total 391168K, used 50947K [0x0000000080000000, 0x0000000100000000)
  region size 1024K, 44 young (45056K), 9 survivors (9216K)
 Metaspace       used 20744K, capacity 21155K, committed 21296K, reserved 1069056K
  class space    used 2512K, capacity 2664K, committed 2688K, reserved 1048576K
}
Event: 5.354 GC heap after
{Heap after GC invocations=3 (full 0):
 garbage-first heap   total 391168K, used 17172K [0x0000000080000000, 0x0000000100000000)
  region size 1024K, 2 young (2048K), 2 survivors (2048K)
 Metaspace       used 20744K, capacity 21155K, committed 21296K, reserved 1069056K
  class space    used 2512K, capacity 2664K, committed 2688K, reserved 1048576K
}
Event: 6.403 GC heap before
{Heap before GC invocations=4 (full 0):
 garbage-first heap   total 391168K, used 105236K [0x0000000080000000, 0x0000000100000000)
  region size 1024K, 71 young (72704K), 2 survivors (2048K)
 Metaspace       used 27502K, capacity 28325K, committed 28464K, reserved 1073152K
  class space    used 3601K, capacity 3867K, committed 3968K, reserved 1048576K
}
Event: 6.412 GC heap after
{Heap after GC invocations=5 (full 0):
 garbage-first heap   total 391168K, used 43346K [0x0000000080000000, 0x0000000100000000)
  region size 1024K, 9 young (9216K), 9 survivors (9216K)
 Metaspace       used 27502K, capacity 28325K, committed 28464K, reserved 1073152K
  class space    used 3601K, capacity 3867K, committed 3968K, reserved 1048576K
}
Event: 7.289 GC heap before
{Heap before GC invocations=5 (full 0):
 garbage-first heap   total 391168K, used 110930K [0x0000000080000000, 0x0000000100000000)
  region size 1024K, 76 young (77824K), 9 survivors (9216K)
 Metaspace       used 34624K, capacity 35568K, committed 35632K, reserved 1079296K
  class space    used 4589K, capacity 4962K, committed 4992K, reserved 1048576K
}
Event: 7.297 GC heap after
{Heap after GC invocations=6 (full 0):
 garbage-first heap   total 391168K, used 45598K [0x0000000080000000, 0x0000000100000000)
  region size 1024K, 3 young (3072K), 3 survivors (3072K)
 Metaspace       used 34624K, capacity 35568K, committed 35632K, reserved 1079296K
  class space    used 4589K, capacity 4962K, committed 4992K, reserved 1048576K
}

