# JRE version: OpenJDK Runtime Environment (11.0.13) (build 11.0.13+0-b1751.21-8125866)
# Java VM: OpenJDK 64-Bit Server VM (11.0.13+0-b1751.21-8125866, mixed mode, tiered, compressed oops, g1 gc, windows-amd64)
Heap:
 garbage-first heap   total 391168K, used 160535K [0x0000000080000000, 0x0000000100000000)
  region size 1024K, 95 young (97280K), 17 survivors (17408K)
 Metaspace       used 66020K, capacity 67957K, committed 68144K, reserved 1107968K
  class space    used 8348K, capacity 8972K, committed 9088K, reserved 1048576K
GC Heap History (20 events):
Event: 10.008 GC heap before
{Heap before GC invocations=10 (full 0):
 garbage-first heap   total 391168K, used 286192K [0x0000000080000000, 0x0000000100000000)
  region size 1024K, 229 young (234496K), 14 survivors (14336K)
 Metaspace       used 44118K, capacity 45277K, committed 45488K, reserved 1089536K
  class space    used 5590K, capacity 6022K, committed 6144K, reserved 1048576K
}
Event: 10.018 GC heap after
{Heap after GC invocations=11 (full 0):
 garbage-first heap   total 391168K, used 67351K [0x0000000080000000, 0x0000000100000000)
  region size 1024K, 15 young (15360K), 15 survivors (15360K)
 Metaspace       used 44118K, capacity 45277K, committed 45488K, reserved 1089536K
  class space    used 5590K, capacity 6022K, committed 6144K, reserved 1048576K
}
Event: 10.875 GC heap before
{Heap before GC invocations=11 (full 0):
 garbage-first heap   total 391168K, used 290583K [0x0000000080000000, 0x0000000100000000)
  region size 1024K, 229 young (234496K), 15 survivors (15360K)
 Metaspace       used 44251K, capacity 45366K, committed 45488K, reserved 1089536K
  class space    used 5605K, capacity 6030K, committed 6144K, reserved 1048576K
}
Event: 10.878 GC heap after
{Heap after GC invocations=12 (full 0):
 garbage-first heap   total 391168K, used 58824K [0x0000000080000000, 0x0000000100000000)
  region size 1024K, 7 young (7168K), 7 survivors (7168K)
 Metaspace       used 44251K, capacity 45366K, committed 45488K, reserved 1089536K
  class space    used 5605K, capacity 6030K, committed 6144K, reserved 1048576K
}
Event: 11.268 GC heap before
{Heap before GC invocations=12 (full 0):
 garbage-first heap   total 391168K, used 286152K [0x0000000080000000, 0x0000000100000000)
  region size 1024K, 229 young (234496K), 7 survivors (7168K)
 Metaspace       used 44319K, capacity 45515K, committed 45744K, reserved 1089536K
  class space    used 5618K, capacity 6037K, committed 6144K, reserved 1048576K
}
Event: 11.272 GC heap after
{Heap after GC invocations=13 (full 0):
 garbage-first heap   total 391168K, used 61183K [0x0000000080000000, 0x0000000100000000)
  region size 1024K, 9 young (9216K), 9 survivors (9216K)
 Metaspace       used 44319K, capacity 45515K, committed 45744K, reserved 1089536K
  class space    used 5618K, capacity 6037K, committed 6144K, reserved 1048576K
}
Event: 12.468 GC heap before
{Heap before GC invocations=13 (full 0):
 garbage-first heap   total 391168K, used 296703K [0x0000000080000000, 0x0000000100000000)
  region size 1024K, 229 young (234496K), 9 survivors (9216K)
 Metaspace       used 49667K, capacity 50941K, committed 51120K, reserved 1093632K
  class space    used 6344K, capacity 6814K, committed 6912K, reserved 1048576K
}
Event: 12.474 GC heap after
{Heap after GC invocations=14 (full 0):
 garbage-first heap   total 391168K, used 64013K [0x0000000080000000, 0x0000000100000000)
  region size 1024K, 9 young (9216K), 9 survivors (9216K)
 Metaspace       used 49667K, capacity 50941K, committed 51120K, reserved 1093632K
  class space    used 6344K, capacity 6814K, committed 6912K, reserved 1048576K
}
Event: 13.176 GC heap before
{Heap before GC invocations=14 (full 0):
 garbage-first heap   total 391168K, used 289293K [0x0000000080000000, 0x0000000100000000)
  region size 1024K, 229 young (234496K), 9 survivors (9216K)
 Metaspace       used 49713K, capacity 51005K, committed 51120K, reserved 1093632K
  class space    used 6353K, capacity 6814K, committed 6912K, reserved 1048576K
}
Event: 13.181 GC heap after
{Heap after GC invocations=15 (full 0):
 garbage-first heap   total 391168K, used 66327K [0x0000000080000000, 0x0000000100000000)
  region size 1024K, 11 young (11264K), 11 survivors (11264K)
 Metaspace       used 49713K, capacity 51005K, committed 51120K, reserved 1093632K
  class space    used 6353K, capacity 6814K, committed 6912K, reserved 1048576K
}
Event: 13.839 GC heap before
{Heap before GC invocations=15 (full 0):
 garbage-first heap   total 391168K, used 289559K [0x0000000080000000, 0x0000000100000000)
  region size 1024K, 229 young (234496K), 11 survivors (11264K)
 Metaspace       used 49713K, capacity 51005K, committed 51120K, reserved 1093632K
  class space    used 6353K, capacity 6814K, committed 6912K, reserved 1048576K
}
Event: 13.844 GC heap after
{Heap after GC invocations=16 (full 0):
 garbage-first heap   total 391168K, used 67351K [0x0000000080000000, 0x0000000100000000)
  region size 1024K, 12 young (12288K), 12 survivors (12288K)
 Metaspace       used 49713K, capacity 51005K, committed 51120K, reserved 1093632K
  class space    used 6353K, capacity 6814K, committed 6912K, reserved 1048576K
}
Event: 14.529 GC heap before
{Heap before GC invocations=16 (full 0):
 garbage-first heap   total 391168K, used 289559K [0x0000000080000000, 0x0000000100000000)
  region size 1024K, 229 young (234496K), 12 survivors (12288K)
 Metaspace       used 49724K, capacity 51005K, committed 51120K, reserved 1093632K
  class space    used 6353K, capacity 6814K, committed 6912K, reserved 1048576K
}
Event: 14.537 GC heap after
{Heap after GC invocations=17 (full 0):
 garbage-first heap   total 391168K, used 69636K [0x0000000080000000, 0x0000000100000000)
  region size 1024K, 15 young (15360K), 15 survivors (15360K)
 Metaspace       used 49724K, capacity 51005K, committed 51120K, reserved 1093632K
  class space    used 6353K, capacity 6814K, committed 6912K, reserved 1048576K
}
Event: 15.280 GC heap before
{Heap before GC invocations=17 (full 0):
 garbage-first heap   total 391168K, used 291844K [0x0000000080000000, 0x0000000100000000)
  region size 1024K, 229 young (234496K), 15 survivors (15360K)
 Metaspace       used 49747K, capacity 51005K, committed 51120K, reserved 1093632K
  class space    used 6353K, capacity 6814K, committed 6912K, reserved 1048576K
}
Event: 15.284 GC heap after
{Heap after GC invocations=18 (full 0):
 garbage-first heap   total 391168K, used 65876K [0x0000000080000000, 0x0000000100000000)
  region size 1024K, 11 young (11264K), 11 survivors (11264K)
 Metaspace       used 49747K, capacity 51005K, committed 51120K, reserved 1093632K
  class space    used 6353K, capacity 6814K, committed 6912K, reserved 1048576K
}
Event: 16.377 GC heap before
{Heap before GC invocations=18 (full 0):
 garbage-first heap   total 391168K, used 301396K [0x0000000080000000, 0x0000000100000000)
  region size 1024K, 229 young (234496K), 11 survivors (11264K)
 Metaspace       used 53370K, capacity 54886K, committed 55088K, reserved 1097728K
  class space    used 6711K, capacity 7206K, committed 7296K, reserved 1048576K
}
Event: 16.385 GC heap after
{Heap after GC invocations=19 (full 0):
 garbage-first heap   total 391168K, used 79552K [0x0000000080000000, 0x0000000100000000)
  region size 1024K, 15 young (15360K), 15 survivors (15360K)
 Metaspace       used 53370K, capacity 54886K, committed 55088K, reserved 1097728K
  class space    used 6711K, capacity 7206K, committed 7296K, reserved 1048576K
}
Event: 17.044 GC heap before
{Heap before GC invocations=19 (full 0):
 garbage-first heap   total 391168K, used 139968K [0x0000000080000000, 0x0000000100000000)
  region size 1024K, 75 young (76800K), 15 survivors (15360K)
 Metaspace       used 57944K, capacity 59637K, committed 59816K, reserved 1101824K
  class space    used 7403K, capacity 8003K, committed 8064K, reserved 1048576K
}
Event: 17.058 GC heap after
{Heap after GC invocations=20 (full 0):
 garbage-first heap   total 391168K, used 81687K [0x0000000080000000, 0x0000000100000000)
  region size 1024K, 17 young (17408K), 17 survivors (17408K)
 Metaspace       used 57944K, capacity 59637K, committed 59816K, reserved 1101824K
  class space    used 7403K, capacity 8003K, committed 8064K, reserved 1048576K
}

