# JRE version: OpenJDK Runtime Environment (11.0.13) (build 11.0.13+0-b1751.21-8125866)
# Java VM: OpenJDK 64-Bit Server VM (11.0.13+0-b1751.21-8125866, mixed mode, tiered, compressed oops, g1 gc, windows-amd64)
Heap:
 garbage-first heap   total 391168K, used 84755K [0x0000000080000000, 0x0000000100000000)
  region size 1024K, 37 young (37888K), 10 survivors (10240K)
 Metaspace       used 44037K, capacity 45161K, committed 45360K, reserved 1089536K
  class space    used 5579K, capacity 5983K, committed 6016K, reserved 1048576K
GC Heap History (12 events):
Event: 0.913 GC heap before
{Heap before GC invocations=0 (full 0):
 garbage-first heap   total 391168K, used 29696K [0x0000000080000000, 0x0000000100000000)
  region size 1024K, 24 young (24576K), 0 survivors (0K)
 Metaspace       used 10147K, capacity 10330K, committed 10624K, reserved 1058816K
  class space    used 1044K, capacity 1107K, committed 1152K, reserved 1048576K
}
Event: 0.917 GC heap after
{Heap after GC invocations=1 (full 0):
 garbage-first heap   total 391168K, used 9182K [0x0000000080000000, 0x0000000100000000)
  region size 1024K, 3 young (3072K), 3 survivors (3072K)
 Metaspace       used 10147K, capacity 10330K, committed 10624K, reserved 1058816K
  class space    used 1044K, capacity 1107K, committed 1152K, reserved 1048576K
}
Event: 2.730 GC heap before
{Heap before GC invocations=1 (full 0):
 garbage-first heap   total 391168K, used 83934K [0x0000000080000000, 0x0000000100000000)
  region size 1024K, 75 young (76800K), 3 survivors (3072K)
 Metaspace       used 17792K, capacity 18151K, committed 18432K, reserved 1064960K
  class space    used 2058K, capacity 2195K, committed 2304K, reserved 1048576K
}
Event: 2.736 GC heap after
{Heap after GC invocations=2 (full 0):
 garbage-first heap   total 391168K, used 16084K [0x0000000080000000, 0x0000000100000000)
  region size 1024K, 10 young (10240K), 10 survivors (10240K)
 Metaspace       used 17792K, capacity 18151K, committed 18432K, reserved 1064960K
  class space    used 2058K, capacity 2195K, committed 2304K, reserved 1048576K
}
Event: 3.125 GC heap before
{Heap before GC invocations=2 (full 0):
 garbage-first heap   total 391168K, used 43732K [0x0000000080000000, 0x0000000100000000)
  region size 1024K, 39 young (39936K), 10 survivors (10240K)
 Metaspace       used 20706K, capacity 21155K, committed 21296K, reserved 1069056K
  class space    used 2513K, capacity 2664K, committed 2688K, reserved 1048576K
}
Event: 3.134 GC heap after
{Heap after GC invocations=3 (full 0):
 garbage-first heap   total 391168K, used 17322K [0x0000000080000000, 0x0000000100000000)
  region size 1024K, 2 young (2048K), 2 survivors (2048K)
 Metaspace       used 20706K, capacity 21155K, committed 21296K, reserved 1069056K
  class space    used 2513K, capacity 2664K, committed 2688K, reserved 1048576K
}
Event: 5.008 GC heap before
{Heap before GC invocations=4 (full 0):
 garbage-first heap   total 391168K, used 116650K [0x0000000080000000, 0x0000000100000000)
  region size 1024K, 82 young (83968K), 2 survivors (2048K)
 Metaspace       used 28426K, capacity 29247K, committed 29360K, reserved 1075200K
  class space    used 3716K, capacity 4004K, committed 4096K, reserved 1048576K
}
Event: 5.013 GC heap after
{Heap after GC invocations=5 (full 0):
 garbage-first heap   total 391168K, used 43250K [0x0000000080000000, 0x0000000100000000)
  region size 1024K, 9 young (9216K), 9 survivors (9216K)
 Metaspace       used 28426K, capacity 29247K, committed 29360K, reserved 1075200K
  class space    used 3716K, capacity 4004K, committed 4096K, reserved 1048576K
}
Event: 5.895 GC heap before
{Heap before GC invocations=5 (full 0):
 garbage-first heap   total 391168K, used 101618K [0x0000000080000000, 0x0000000100000000)
  region size 1024K, 67 young (68608K), 9 survivors (9216K)
 Metaspace       used 34614K, capacity 35568K, committed 35632K, reserved 1079296K
  class space    used 4599K, capacity 4962K, committed 4992K, reserved 1048576K
}
Event: 5.904 GC heap after
{Heap after GC invocations=6 (full 0):
 garbage-first heap   total 391168K, used 45482K [0x0000000080000000, 0x0000000100000000)
  region size 1024K, 11 young (11264K), 11 survivors (11264K)
 Metaspace       used 34614K, capacity 35568K, committed 35632K, reserved 1079296K
  class space    used 4599K, capacity 4962K, committed 4992K, reserved 1048576K
}
Event: 7.351 GC heap before
{Heap before GC invocations=7 (full 0):
 garbage-first heap   total 391168K, used 188842K [0x0000000080000000, 0x0000000100000000)
  region size 1024K, 139 young (142336K), 11 survivors (11264K)
 Metaspace       used 44031K, capacity 45161K, committed 45360K, reserved 1089536K
  class space    used 5579K, capacity 5983K, committed 6016K, reserved 1048576K
}
Event: 7.362 GC heap after
{Heap after GC invocations=8 (full 0):
 garbage-first heap   total 391168K, used 58131K [0x0000000080000000, 0x0000000100000000)
  region size 1024K, 10 young (10240K), 10 survivors (10240K)
 Metaspace       used 44031K, capacity 45161K, committed 45360K, reserved 1089536K
  class space    used 5579K, capacity 5983K, committed 6016K, reserved 1048576K
}

